<?xml version="1.0" encoding="UTF-8"?>
<testsuite name="com.dx168.bizsocket.core.CacheManagerTest" tests="9" skipped="0" failures="0" errors="0" timestamp="2016-10-05T22:43:13" hostname="tong.local" time="7.03">
  <properties/>
  <testcase name="testUseUtilReceiveCmdCacheEntryTYPE_EXPIRED_NOT_USE" classname="com.dx168.bizsocket.core.CacheManagerTest" time="0.016"/>
  <testcase name="testPersistenceCacheEntry" classname="com.dx168.bizsocket.core.CacheManagerTest" time="0.0"/>
  <testcase name="testCounterCacheEntryTYPE_EXPIRED_NOT_USE" classname="com.dx168.bizsocket.core.CacheManagerTest" time="0.001"/>
  <testcase name="testRelativeMillisCacheEntryTYPE_EXPIRED_USE_AND_REFRESH" classname="com.dx168.bizsocket.core.CacheManagerTest" time="3.503"/>
  <testcase name="testUseUtilSendCmdCacheEntryTYPE_EXPIRED_USE_AND_REFRESH" classname="com.dx168.bizsocket.core.CacheManagerTest" time="0.002"/>
  <testcase name="testUseUtilSendCmdCacheEntryTYPE_EXPIRED_NOT_USE" classname="com.dx168.bizsocket.core.CacheManagerTest" time="0.0"/>
  <testcase name="testCounterCacheEntryTYPE_EXPIRED_USE_AND_REFRESH" classname="com.dx168.bizsocket.core.CacheManagerTest" time="0.0"/>
  <testcase name="testUseUtilReceiveCmdCacheEntryTYPE_EXPIRED_USE_AND_REFRESH" classname="com.dx168.bizsocket.core.CacheManagerTest" time="0.0"/>
  <testcase name="testRelativeMillisCacheEntryTYPE_EXPIRED_NOT_USE" classname="com.dx168.bizsocket.core.CacheManagerTest" time="3.506"/>
  <system-out><![CDATA[setUp
testUseUtilReceiveCmdCacheEntryTYPE_EXPIRED_NOT_USE
setUp
testPersistenceCacheEntry
setUp
testCounterCacheEntryTYPE_EXPIRED_NOT_USE
setUp
testRelativeMillisCacheEntryTYPE_EXPIRED_USE_AND_REFRESH
setUp
testUseUtilSendCmdCacheEntryTYPE_EXPIRED_USE_AND_REFRESH
setUp
testUseUtilSendCmdCacheEntryTYPE_EXPIRED_NOT_USE
setUp
testCounterCacheEntryTYPE_EXPIRED_USE_AND_REFRESH
setUp
testUseUtilReceiveCmdCacheEntryTYPE_EXPIRED_USE_AND_REFRESH
setUp
testRelativeMillisCacheEntryTYPE_EXPIRED_NOT_USE
]]></system-out>
  <system-err><![CDATA[]]></system-err>
</testsuite>
